[    00000Initling cgroup subsys cpuset
[    0.000000] Initializing cgroup subsys cpu
[    0.000000] Initializing cgroup subsys cpuacct
[    0.000000] Linux version 4.4.0-143-generic (buildd@lgw01-amd64-041) gc versin .4.0 20160609 (Ubuntu 5.4.0-6ubuntu1~16.04.10) ) #169-Ubuntu SMP Thu Feb 7 07:56:38 UTC 2019 (Ubuntu 4.4.0-143.169-generic 4.4.170)
[    0.000000] Command line: BOOT_IMAGE=/boot/vmlinuz-4.4.0-143-generic root=LABEL=cloudimg-rootfs ro console=tty1 console=ttyS0
[    0.000000] KERNEL supported cpus:
[    0.000000]   Intel GenuineIntel
[    0.000000]   AMD AuthenticAMD
[    0.000000]   Centaur CentaurHauls
[    0.000000] x86/fpu: xstate_offset[2]:  576, xstate_sizes[2]:  256
[    0.000000] x86/fpu: Supporting XSAVE feature 0x01: 'x87 floating point registers'
[    0.000000] x86/fpu: Supporting XSAVE feature 0x02: 'SSE registers'
[    0.000000] x86/fpu: Supporting XSAVE feature 0x04: 'AVX registers'
[    0.000000] x86/fpu: Enabled xstate features 0x7, context size is 832 bytes, using 'standard' format.
[    0.000000] e820: BIOS-provided physical RAM map:
[  0.00000] BIOS-e82: emx000000000000000-0x000000000009fbff] usable
[    0.000000] BIOS-e820: [mem 0x000000000009fc00-0x000000000009ffff] reserved
[    0.000000] BIOS-e820: [mem 0x00000000000f0000-0x00000000000fffff] reserved
[    0.000000] BIOS-e820: [mem 0x0000000000100000-0x000000003ffeffff] usable
[    0.000000] BIOS-e820: [mem 0x000000003fff0000-0x000000003fffffff] ACPI data
[    0.000000] BIOS-e820: [mem 0x00000000fec00000-0x00000000fec00fff] reserved
[    0.000000] BIOS-e820: [mem 0x00000000fee00000-0x00000000fee00fff] reserved
[    0.000000] BIOS-e820: [mem 0x00000000fffc0000-0x00000000fffffff]eserve
  0.0000 N (Execteisble) potction: active
[    0.000000] SMBIOS 2.5 present.
[    0.000000] Hypervisor detected: KVM
[    0.000000] e820: last_pfn = 0x3fff0 max_arch_pfn = 0x400000000
[    0.000000] MTRR: Disabled
[    0.000000] x86/PAT: MTRRs disabled, skipping PAT initialization too.
[    0.000000] CPU MTRRs all blank - virtualized system.
[    0.000000] x86/PAT: Configuration [0-7]: WB  WT  UC- UC  WB  WT  UC- UC  
[    0.000000] found SMP MP-table at [mem 0x0009fff0-0x0009ffff] mapped at [ffff88000009fff0]
[    0.000000] Scanning 1 areas for low memory corruption
[    0.000000] RAMDISK: [mem 0x362fa000-0x37174fff]
[    0.000000] ACPI: Early table checksum verification disabled
[    0.000000] ACPI: RSDP 0x00000000000E0000 00004 v02 VBOX  )
[    0.000000] ACPI: XSDT 0x0000000003FF3000003C(v VOX   VOXDT0000001 L 000006)[    0.00000] ACPI: FACP 0x000000003FFF00F0 0000F4 (v04 VBOX   VBOXFACP 00000001 ASL  00000061)
[    0.000000] ACPI: DSDT 0x000000003FFF0470 0021FF (v02 VBOX   VBOXBIOS 00000002 INTL 20180105)
[    0.000000] ACPI: FACS 0x000000003FFF0200 000040
[    0.000000] ACPI: FACS 00x000000003FFF0200 000040
[    0.000000] ACPI: APIC 0x000000003FFF0240 00005C (v02 VBOX   VBOXAPIC 00000001 ASL  00000061)
[    0.000000] ACPI: SSDT 0x000000003FFF02A0 0001CC (v01 VBOX   VBOXCPUT 00000002 INTL 20180105)
[    0.000000] No NUMA configuration found
[    0.000000] Faking a node at [mem 0x0000000000000000-0x000000003ffeffff]
[    0.000000] NODE_DATA(0) allocated [mem 0x3ffeb000-0x3ffeffff]
[    0.000000] kvm-clock: Using msrs 4b564d01 and 4b564d00
[    0.000000] kvm-clock: cpu 0, msr 0:3ffe3001, primary cpu clock
[    0.000000] kvm-clock: using sched offset of 3076957941 cycles
[    0.000000] clocksource: kvm-clock: mask: 0xffffffffffffffff max_cycles: 0x1cd42e4dffb, max_idle_ns: 881590591483 ns
[    0.000000] Zone ranges:
[    0.000000]   DMA      [mem 0x0000000000001000-0x0000000000ffffff]
[    0.000000]   DMA32    [mem 0x0000000001000000-0x000000003ffeffff]
[    0.000000]   Normal   empty
[    0.000000]   Device   empty
[    0.000000] Movable zone start for each node
[    0.000000] Early memory node ranges
[    0.000000]   node   0: [mem 0x0000000000001000-0x000000000009efff]
[    0.000000]   node   0: [mem 0x0000000000100000-0x000000003ffeffff]
[    0.000000] Initmem setup node 0 [mem 0x0000000000001000-0x000000003ffeffff]
[    0.000000] ACPI: PM-Timer IO Port: 0x4008
[    0.000000] IOAPIC[0]: apic_id 2, version 32, address 0xfec00000, GSI 0-23
[    0.000000] ACPI: INT_SRC_OVR (bus 0 bus_irq 0 global_irq 2 dfl dfl)
[    0.000000] ACPI: INT_SRC_OVR (bus 0 bus_irq 9 global_irq 9 low level)
[    0.000000] Using ACPI (MADT) for SMP configuration information
[    0.000000] smpboot: Allowing 2 CPUs, 0 hotplug CPUs
[    0.000000] PM: Registered nosave memory: [mem 0x00000000-0x00000fff]
[    0.000000] PM: Registered nosave memory: [mem 0x0009f000-0x0009ffff]
[    0.000000] PM: Registered nosave memory: [mem 0x000a0000-0x000effff]
[    0.000000] PM: Registered nosave memory: [mem 0x000f0000-0x000fffff]
[    0.000]e820: me0x000000-0ebffff] vaabe foPCdeices
[    0.000000] Booting paravirtualized kernel on KVM
[    0.000000] clocksource: refined-jiffies: mask: 0xffffffff max_cycles: 0xffffffff, max_idle_ns: 7645519600211568 ns
[    0.000000] setup_percpu: NR_CPUS:512 nr_cpumask_bits:512 nr_cpu_ids:2 nr_node_ids:1
[    0.000000] PERCPU: Embedded 34 pages/cpu @ffff88003fc00000 s99480 r92 d31592 u1085
    0000] il1 oneltsn No oer mobily oupi o  ot pes 2572[    00000 Poly ne: A3
[   0.00] Keelomand neBOOTMA=/oot/liz-4.0-3-ener rotLABEL=lodig-rootfs ro console=tty1 console=ttyS0
[    0.000000] PID hash table entries: 4096 (order: 3, 32768 bytes)
[    0.000000] Memory: 997704K/1048120K available (8608K kernel code, 1332K rwdata, 4008K rodata, 1484K init, 1316K bss, 50416K reserved, 0K cma-reserved)
[    0.000000] SLUB: HWalign=64, Order=0-3, MinObjects=0, CPUs=2, Nodes=1
[    0.000000] Kernel/User page tables isolation: enabled
[    0.000000] Hierarchical RCU implementation.
[    0.000000] 	Build-time adjustment of leaf fanout to 64.
[    0.000000] 	RCU restricting CPUs from NR_CPUS=512 to nr_cpu_ids=2.
[    0.000000] RCU: Adjusting geometry for rcu_fanout_leaf=64, nr_cpu_ids=2
[    0.000000] NR_IRQS:33024 nr_irqs:440 16
[    0.000000] Console: colour VGA+ 80x25
[    0.000000] console [tty1] enabled
[    0.000000] console [ttyS0] enabled
[    0.000000] tsc: Detected 2207.998 MHz processor
[    2.371611] Calibrating delay loop (skipped) preset value.. 4415.99 BogoMIPS (lpj=8831992)
[    2.372975] pid_max: default: 32768 minimum: 301
[    2.373708] ACPI: Core revision 20150930
[    2.375113] ACPI: 2 ACPI AML tables successfully acquired and loaded
[    2.376182] Security Framework initialized
[    2.376861] Yama: becominng mindful.
[    2.377479] AppArmor: AppArmor initialized
[    2.378213] Dentry cache hash table entries: 131072 (order: 8, 1048576 bytes)
[    2.379759] Inode-cache hash table entries: 65536 (order: 7, 524288 bytes)
[    2.400606] Mount-cache hash table entries: 2048 (order: 2, 16384 bytes)
[    2.401577] Mountpoint-cache hash table entries: 2048 (order: 2, 16384 bytes)
[    2.402723] Initializing cgroup subsys io
[    2.403395] Initializing cgroup subsys memory
[    2.404100] Initializing cgroup subsys devices
[    2.404818] Initializing cgroup subsys freezer
[    2.405529] Initializing cgroup subsys net_cls
[    2.406245] Initializing cgroup subsys perf_event
[    2.407002] Initializing cgroup subsys net_prio
[    2.407727] Initializing cgroup subsys hugetlb
[    2.408441] Initializing cgroup subsys pids
[    2.410767] mce: CPU supports 0 MCE banks
[    2.411449] Last level iTLB entries: 4KB 64, 2MB 8, 4MB 8
[    2.412270] Last level dTLB entries: 4KB 64, 2MB 0, 4MB 0, 1GB 4
[    2.413161] Spectre V2 : Mitigation: Full generic retpoline
[    2.413998] Spectre V2 : Spectre v2 / SpectreRSB mitigation: Filling RSB on context switch
[    2.415319] Speculative Store Bypass: Vulnerable
[    2.418146] Freeing SMP alternatives memory: 32K
[    2.423186] ftrace: allocating 32278 entries in 127 pages
[    2.480055] smpboot: APIC(0) Converting physical 0 to logical package 0
[    2.486374] smpboot: Max logical packages: 1
[    2.487305] x2apic enabled
[    2.488010] Switched APIC routing to physical x2apic.
[    2.489730] ..TIMER: vector=0x30 apic1=0 pin1=2 apic2=-1 pin2=-1
[    2.598882] smpboot: CPU0: Intel(R) Core(TM) i5-7260U CPU @ 2.20GHz (family: 0x6, model: 0x8e, stepping: 0x9)
[    2.609798] Performance Events: unsupported p6 CPU model 142 no PMU driver, software events only.
[    2.619637] KVM setup paravirtual spinlock
[    2.620927] x86: Booting SMP configuration:
[    2.623821] .... node  #0, CPUs:      #1
[    2.624584] kvm-clock: cpu 1, msr 0:3ffe3041, secondary cpu clock
[    2.626702] mce: CPU supports 0 MCE banks
[    2.629041] x86: Booted up 1 node, 2 CPUs
[    2.629871] smpboot: Total of 2 processors activated (8831.99 BogoMIPS)
[    2.631230] devtmpfs: initialized
[    2.633537] evm: security.selinux
[    2.634124] evm: security.SMACK64
[    2.634715] evm: security.SMACK64EXEC
[    2.635338] evm: security.SMACK64TRANSMUTE
[    2.636008] evm: security.SMACK64MMAP
[    2.636635] evm: security.ima
[    2.637177] evm: security.capability
[    2.637953] clocksource: jiffies: mask: 0xffffffff max_cycles: 0xffffffff, max_idle_ns: 7645041785100000 ns
[    2.639452] futex hash table entries: 512 (order: 3, 32768 bytes)
[    2.640437] pinctrl core: initialized pinctrl subsystem
[    2.641326] RTC time: 13:21:21, date: 10/31/19
[    2.642214] NET: Registered protocol family 16
[    2.655318] cpuidle: using governor ladder
[    2.716975] cpuidle: using governor menu
[    2.834600] PCCT header not found.
[    2.937402] ACPI: bus type PCI registered
[    3.041734] acpiphp: ACPI Hot Plug PCI Controller Driver version: 0.5
[    3.055423] PCI: Using configuration type 1 for base access
[    3.068527] ACPI: Added _OSI(Module Device)
[    3.074534] ACPI: Added _OSI(Processor Device)
[    3.075278] ACPI: Added _OSI(3.0 _SCP Extensions)
[    3.076044] ACPI: Added _OSI(Processor Aggregator Device)
[    3.077433] ACPI: Executed 1 blocks of module-level executable AML code
[    3.081261] ACPI: Interpreter enabled
[    3.083318] ACPI: (supports S0 S5)
[    3.083915] ACPI: Using IOAPIC for interrupt routing
[    3.085881] PCI: Using host bridge windows from ACPI; if necessary, use "pci=nocrs" and report a bug
[    3.277604] ACPI: PCI Root Bridge [PCI0] (domain 0000 [bus 00-ff])
[    3.288360] acpi PNP0A03:00: _OSC: OS supports [ASPM ClockPM Segments MSI]
[    3.289387] acpi PNP0A03:00: _OSC: not requesting OS control; OS requires [ExtendedConfig ASPM ClockPM MSI]
[    3.290903] acpi PNP0A03:00: fail to add MMCONFIG information, can't access extended PCI configuration space under this bridge.
[    3.292833] PCI host bridge to bus 0000:00
[    3.294610] pci_bus 0000:00: root bus resource [io  0x0000-0x0cf7 window]
[    3.295628] pci_bus 0000:00: root bus resource [io  0x0d00-0xffff window]
[    3.296636] pci_bus 0000:00: root bus resource [mem 0x000a0000-0x000bffff window]
[    3.297857] pci_bus 0000:00: root bus resource [mem 0x40000000-0xfdffffff window]
[    3.299082] pci_bus 0000:00: root bus resource [bus 00-ff]
[    3.301042] pci 0000:00:01.1: legacy IDE quirk: reg 0x10: [io  0x01f0-0x01f7]
[    3.303180] pci 0000:00:01.1: legacy IDE quirk: reg 0x14: [io  0x03f6]
[    3.304149] pci 0000:00:01.1: legacy IDE quirk: reg 0x18: [io  0x0170-0x0177]
[    3.305190] pci 0000:00:01.1: legacy IDE quirk: reg 0x1c: [io  0x0376]
[    3.317344] pci 0000:00:07.0: quirk: [io  0x4000-0x403f] claimed by PIIX4 ACPI
[    3.323887] pci 0000:00:07.0: quirk: [io  0x4100-0x410f] claimed by PIIX4 SMB
[    3.339514] ACPI: PCI Interrupt Link [LNKA] (IRQs 5 9 10 *11)
[    3.347259] ACPI: PCI Interrupt Link [LNKB] (IRQs 5 9 *10 11)
[    3.348499] ACPI: PCI Interrupt Link [LNKC] (IRQs 5 *9 10 11)
[    3.379041] ACPI: PCI Interrupt Link [LNKD] (IRQs 5 9 10 *11)
[    3.402830] ACPI: Enabled 2 GPEs in block 00 to 07
[    3.404007] vgaarb: setting as boot device: PCI:0000:00:02.0
[    3.442118] vgaarb: device added: PCI:0000:00:02.0,decodes=io+mem,owns=io+mem,locks=none
[    3.443427] vgaarb: loaded
[    3.443941] vgaarb: bridge control possible 0000:00:02.0
[    3.445568] SCSI subsystem initialized
[    3.446964] ACPI: bus type USB registered
[    3.448288] usbcore: registered new interface driver usbfs
[    3.609127] usbcore: registered new interface driver hub
[    3.772829] usbcore: registered new device driver usb
[    3.863751] PCI: Using ACPI for IRQ routing
[    3.864596] NetLabel: Initializing
[    3.865127] NetLabel:  domain hash size = 128
[    3.887276] NetLabel:  protocols = UNLABELED CIPSOv4
[    3.888064] NetLabel:  unlabeled traffic allowed by default
[    3.889071] amd_nb: Cannot enumerate AMD northbridges
[    3.889941] clocksource: Switched to clocksource kvm-clock
[    3.895861] AppArmor: AppArmor Filesystem Enabled
[    3.982095] pnp: PnP ACPI init
[    3.983151] pnp: PnP ACPI: found 3 devices
[  3916]losoceac_p mk:xfff m_ccles: 0xffffff, max_idle_ns: 208570102 n
[  49631] NET: Registered protocol family 2
[    5.040942] TCP established hash table entries: 8192 (order: 4, 65536 bytes)
[    5.252116] TCP bind hash table entries: 8192 (order: 5, 131072 bytes)
[    5.253083] TCP: Hash tables configured (established 8192 bind 8192)
[    5.254032] UDP hash table entries: 512 (order: 2, 16384 bytes)
[    5.254912] UDP-Lite hash table entries: 512 (order: 2, 16384 bytes)
  5.58] T:egteedrocofaly
  5.021] pci 0000:00:00.0: Limiting direct PCI/PCI transfers
[    5.914970] pci 0000:00:01.0: Activating ISA DMA hang workarounds
[    5.915990] Unpacking initramfs...
[    6.091083] Freeing initrd memory: 14828K
[    6.141178] platform rtc_cmos: registered platform RTC device (no PNP device found)
[    6.142528] Scanning for low memory corruption every 60 seconds
[    6.143740] audit: initializing netlink subsys (disabled)
[    6.144606] audit: type=2000 audit(1572528086.386:1): initialized
[    6.145735] Initialise system trusted keyring
[    6.146665] HugeTLB registered 2 MB page size, pre-allocated 0 pages
[    6.148712] zbud: loaded
[    6.151259] VFS: Disk quotas dquot_6.6.0
[    6.151965] VFS: Dquot-cache hash table entries: 512 (order 0, 4096 bytes)
[    6.153174] squashfs: version 4.0 (2009/01/31) Phillip Lougher
[    6.154330] fuse init (API version 7.23)
[    6.155103] Key type big_key registered
[    6.155773] Allocating IMA MOK and blacklist keyrings.
[    6.157355] Key type asymmetric registered
[    6.158047] Asymmetric key parser 'x509' registered
[    6.158886] Block layer SCSI generic (bsg) driver version 0.4 loaded (major 249)
[    6.160160] io scheduler noop registered
[    6.160850] io scheduler deadline registered (default)
[    6.161682] io scheduler cfq registered
[    6.162436] pci_hotplug: PCI Hot Plug PCI Core version: 0.5
[    6.372526] pciehp: PCI Express Hot Plug Controller Driver version: 0.4
[    6.441275] ACPI: AC Adapter [AC] (on-line)
[    6.441922] input: Power Button as /devices/LNXSYSTM:00/LNXPWRBN:00/input/input0
[    6.443025] ACPI: Power Button [PWRF]
[    6.443625] input: Sleep Button as /devices/LNXSYSTM:00/LNXSLPBN:00/input/input1
[    6.444694] ACPI: Sleep Button [SLPF]
[    6.445408] GHES: HEST is not enabled!
[    6.451049] Serial: 8250/16550 driver, 32 ports, IRQ sharing enabled
[    6.473238] 00:02: ttyS0 at I/O 0x3f8 (irq = 4, base_baud = 115200) is a 16550A
[    6.542761] Linux agpgart interface v0.103
[    6.553311] loop: module loaded
[    6.881268] scsi host0: ata_piix
[    6.883727] scsi host1: ata_piix
[    6.884349] ata1: PATA max UDMA/33 cmd 0x1f0 ctl 0x3f6 bmdma 0xd000 irq 14
[    6.885338] ata2: PATA max UDMA/33 cmd 0x170 ctl 0x376 bmdma 0xd008 irq 15
[    6.886428] libphy: Fixed MDIO Bus: probed
[    6.890939] tun: Universal TUN/TAP device driver, 1.6
[    6.891630] tun: (C) 1999-2004 Max Krasnyansky <maxk@qualcomm.com>
[    6.892470] PPP generic driver version 2.4.2
[    6.893130] ehci_hcd: USB 2.0 'Enhanced' Host Controller (EHCI) Driver
[    6.893966] ehci-pci: EHCI PCI platform driver
[    6.894623] ehci-platform: EHCI generic platform driver
[    6.895329] ohci_hcd: USB 1.1 'Open' Host Controller (OHCI) Driver
[    6.900603] ohci-pci: OHCI PCI platform driver
[    6.921014] ohci-platform: OHCI generic platform driver
[    6.921725] uhci_hcd: USB Universal Host Controller Interface driver
[    6.941149] i8042: PNP: PS/2 Controller [PNP0303:PS2K,PNP0f03:PS2M] at 0x60,0x64 irq 1,12
[    6.942692] serio: i8042 KBD port at 0x60,0x64 irq 1
[    6.943373] serio: i8042 AUX port at 0x60,0x64 irq 12
[    6.944140] mousedev: PS/2 mouse device common for all mice
[    6.948279] input: AT Translated Set 2 keyboard as /devices/platform/i8042/serio0/input/input2
[    6.951076] rtc_cmos rtc_cmos: rtc core: registered rtc_cmos as rtc0
[    6.951937] rtc_cmos rtc_cmos: alarms up to one day, 114 bytes nvram
[    6.952753] i2c /dev entries driver
[    6.953333] device-mapper: uevent: version 1.0.3
[    6.954046] device-mapper: ioctl: 4.34.0-ioctl (2015-10-28) initialised: dm-devel@redhat.com
[    6.955230] ledtrig-cpu: registered to indicate activity on CPUs
[    6.956307] NET: Registered protocol family 10
[    6.957084] NET: Registered protocol family 17
[    6.957723] Key type dns_resolver registered
[    6.958527] registered taskstats version 1
[    6.959134] Loading compiled-in X.509 certificates
[    6.960278] Loaded X.509 cert 'Build time autogenerated kernel key: d03773f65dd2b75b701d4dd50cb1e8d0c07b3b6e'
[    6.962834] zswap: loaded using pool lzo/zbud
[    6.965454] Key type trusted registered
[    6.983546] Key type encrypted registered
[    6.988415] AppArmor: AppArmor sha1 policy hashing enabled
[    6.989264] ima: No TPM chip found, activating TPM-bypass!
[    6.990115] ima: Allocated hash algorithm: sha1
[    6.990878] evm: HMAC attrs: 0x1
[    6.991753]   Magic number: 7:556:383
[    6.992507] rtc_cmos rtc_cmos: setting system clock to 2019-10-31 13:21:26 UTC (1572528086)
[    6.994007] BIOS EDD facility v0.16 2004-Jun-25, 0 devices found
[    6.994911] EDD information not available.
[    7.043559] Freeing unused kernel memory: 1484K
[    7.051427] Write protecting the kernel read-only data: 14336k
[    7.053215] Freeing unused kernel memory: 1620K
[    7.054517] Freeing unused kernel memory: 88K
Loading, please wait...
starting version[    7.069611] random: systemd-udevd: uninitialized urandom read (16 bytes read, 3 bits of entropy available)
 229
[    7.070326] random: udevadm: uninitialized urandom read (16 bytes read, 3 bits of entropy available)
[    7.070346] random: udevadm: uninitialized urandom read (16 bytes read, 3 bits of entropy available)
[    7.078575] random: udevadm: uninitialized urandom read (16 bytes read, 3 bits of entropy available)
[    7.078621] random: udevadm: uninitialized urandom read (16 bytes read, 3 bits of entropy available)
[    7.078758] random: udevadm: uninitialized urandom read (16 bytes read, 3 bits of entropy available)
[    7.078812] random: udevadm: uninitialized urandom read (16 bytes read, 3 bits of entropy available)
[    7.078863] random: udevadm: uninitialized urandom read (16 bytes read, 3 bits of entropy available)
[    7.078914] random: udevadm: uninitialized urandom read (16 bytes read, 3 bits of entropy available)
[    7.078965] random: udevadm: uninitialized urandom read (16 bytes read, 3 bits of entropy available)
[    7.126574] e1000: Intel(R) PRO/1000 Network Driver - version 7.3.21-k8-NAPI
[    7.400778] e1000: Copyright (c) 1999-2006 Intel Corporation.
[    7.402838] tsc: Refined TSC clocksource calibration: 2207.502 MHz
[    7.420974] clocksource: tsc: mask: 0xffffffffffffffff max_cycles: 0x1fd1e197de1, max_idle_ns: 440795203300 ns
[    7.423801] Fusion MPT base driver 3.04.20
[    7.426752] Copyright (c) 1999-2008 LSI Corporation
[    7.431988] Fusion MPT SPI Host driver 3.04.20
[    7.447711] AVX2 version of gcm_enc/dec engaged.
[    7.467653] AES CTR mode by8 optimization enabled
[    7.653860] input: ImExPS/2 GenericcExplorer Mouse as /devices/platform/i8042/serio1/input/input4
[    7.752248] e1000 0000:00:03.0 eth0: (PCI:33MHz:32-bit) 02:30:52:25:60:69
[    7.752253] e1000 0000:00:03.0 eth0: Intel(R) PRO/1000 Network Connection
[    8.441522] e1000 0000:00:08.0 eth1: (PCI:33MHz:32-bit) 08:00:27:0f:cf:7d
[    8.575461] e1000 0000:00:08.0 eth1: Intel(R) PRO/1000 Network Connection
[    8.662491] mptbase: ioc0: Initiating bringup
[    8.662631] e1000 0000:00:08.0 enp0s8: renamed from eth1
[    8.674302] e1000 0000:00:03.0 enp0s3: renamed from eth0
[    8.730386] ioc0: LSI53C1030 A0: Capabilities={Initiator}
[    8.906974] scsi host2: ioc0: LSI53C1030 A0, FwRev=00000000h, Ports=1, MaxQ=256, IRQ=20
[    9.083655] scsi 2:0:0:0: Direct-Access     VBOX     HARDDISK         1.0  PQ: 0 ANSI: 5
[    9.131584] scsi target2:0:0: Beginning Domain Validation
[    9.133727] scsi target2:0:0: Domain Validation skipping write tests
[    9.134675] scsi target2:0:0: Ending Domain Validation
[    9.135517] scsi target2:0:0: asynchronous
[    9.136587] scsi 2:0:1:0: Direct-Access     VBOX     HARDDISK         1.0  PQ: 0 ANSI: 5
[    9.140129] scsi target2:0:1: Beginning Domain Validation
[    9.141626] scsi target2:0:1: Domain Validation skipping write tests
[    9.142458] scsi target2:0:1: Ending Domain Validation
[    9.143194] scsi target2:0:1: asynchronous
[    9.155221] sd 2:0:0:0: [sda] 20971520 512-byte logical blocks: (10.7 GB/10.0 GiB)
[    9.162322] sd 2:0:0:0: Attached scsi generic sg0 type 0
[    9.163292] sd 2:0:1:0: Attached scsi generic sg1 type 0
[    9.163493] sd 2:0:1:0: [sdb] 20480 512-byte logical blocks: (10.5 MB/10.0 MiB)
[    9.163561] sd 2:0:0:0: [sda] Write Protect is off
[    9.163579] sd 2:0:1:0: [sdb] Write Protect is off
[    9.163642] sd 2:0:1:0: [sdb] Incomplete mode parameter data
[    9.163643] sd 2:0:1:0: [sdb] Assuming drive cache: write through
[    9.163651] sd 2:0:0:0: [sda] Incomplete mode parameter data
[    9.163652] sd 2:0:0:0: [sda] Assuming drive cache: write through
[    9.165368]  sda: sda1
[    9.165976] sd 2:0:1:0: [sdb] Attached SCSI disk
[    9.166085] sd 2:0:0:0: [sda] Attached SCSI disk
Begin: Loading e[   10.498638] md: linear personality registered for level -1
ssential drivers ... [   10.723089] md: multipath personality registered for level -4
[   10.729798] md: raid0 personality registered for level 0
[   10.833918] md: raid1 personality registered for level 1
[   10.916645] raid6: sse2x1   gen() 12192 MB/s
[   11.260334] raid6: sse2x1   xor()  9606 MB/s
[   11.480334] raid6: sse2x2   gen() 14563 MB/s
[   11.584191] raid6: sse2x2   xor() 10242 MB/s
[   11.658525] raid6: sse2x4   gen() 16346 MB/s
[   11.730362] raid6: sse2x4   xor() 12163 MB/s
[   11.800328] raid6: avx2x1   gen() 24190 MB/s
[   11.866076] raid6: avx2x2   gen() 25373 MB/s
[   12.306172] raid6: avx2x4   gen() 26232 MB/s
[   12.320880] raid6: using algorithm avx2x4 gen() 26232 MB/s
[   12.321611] raid6: using avx2x2 recovery algorithm
[   12.323324] xor: automatically using best checksumming function:
[   12.418001]    avx       : 25749.000 MB/sec
[   12.468140] async_tx: api initialized (async)
[   12.479025] md: raid6 personality registered for level 6
[   12.501986] md: raid5 personality registered for level 5
[   12.502820] md: raid4 personality registered for level 4
[   12.508558] md: raid10 personality registered for level 10
done.
Begin: Running /scripts/init-premount ... done.
Begin: Mounting root file system ... Begin: Running /scripts/local-top ... done.
Begin: Running /scripts/local-premount ... [   12.546395] Btrfs loaded
Scanning for Btrfs filesystems
[   12.612996] EXT4-fs (sda1): mounted filesystem with ordered data mode. Opts: (null)
done.
Warning: fsck not present, so skipping root file system
done.
Begin: Running /scripts/local-bottom ... done.
Begin: Running /scripts/init-bottom ... done.
[   12.816969] systemd[1]: systemd 229 running in system mode. (+PAM +AUDIT +SELINUX +IMA +APPARMOR +SMACK +SYSVINIT +UTMP +LIBCRYPTSETUP +GCRYPT +GNUTLS +ACL +XZ -LZ4 +SECCOMP +BLKID +ELFUTILS +KMOD -IDN)
[   12.912576] systemd[1]: Detected virtualization oracle.
[   12.915045] systemd[1]: Detected architecture x86-64.

Welcome to [1mUbuntu 16.04.6 LTS[0m!

[   12.950448] systemd[1]: Set hostname to <ubuntu>.
[   12.974692] systemd[1]: Initializing machine ID from random generator.
[   12.983204] systemd[1]: Installed transient /etc/machine-id file.
[   13.096319] systemd[1]: Started Trigger resolvconf update for networkd DNS.
[[0;32m  OK  [0m] Started Trigger resolvconf update for networkd DNS.
[   13.113512] systemd[1]: Created slice System Slice.
[[0;32m  OK  [0m] Created slice System Slice.
[   13.116133] systemd[1]: Set up automount Arbitrary Executable File Formats File System Automount Point.
[[0;32m  OK  [0m] Set up automount Arbitrary Executab...ats File System Automount Point.
[   13.122648] systemd[1]: Listening on Journal Audit Socket.
[[0;32m  OK  [0m] Listening on Journal Audit Socket.
[   13.125171] systemd[1]: Listening on Device-mapper event daemon FIFOs.
[[0;32m  OK  [0m] Listening on Device-mapper event daemon FIFOs.
[   13.164000] systemd[1]: Listening on Journal Socket.
[[0;32m  OK  [0m] Listening on Journal Socket.
[   13.178020] systemd[1]: Starting Nameserver information manager...
         Starting Nameserver information manager...
[   13.779790] systemd[1]: Starting Uncomplicated firewall...
         Starting Uncomplicated firewall...
[   13.785498] systemd[1]: Listening on /dev/initctl Compatibility Named Pipe.
[[0;32m  OK  [0m] Listening on /dev/initctl Compatibility Named Pipe.
[   13.787255] systemd[1]: Reached target Encrypted Volumes.
[[0;32m  OK  [0m] Reached target Encrypted Volumes.
[   13.826265] systemd[1]: Reached target User and Group Name Lookups.
[[0;32m  OK  [0m] Reached target User and Group Name Lookups.
[   13.854561] systemd[1]: Listening on udev Kernel Socket.
[[0;32m  OK  [0m] Listening on udev Kernel Socket.
[   13.857461] systemd[1]: Created slice system-serial\x2dgetty.slice.
[[0;32m  OK  [0m] Created slice system-serial\x2dgetty.slice.
[   13.860258] systemd[1]: Reached target System Time Synchronized.
[[0;32m  OK  [0m] Reached target System Time Synchronized.
[   13.862951] systemd[1]: Listening on udev Control Socket.
[[0;32m  OK  [0m] Listening on udev Control Socket.
[   13.882198] systemd[1]: Listening on LVM2 poll daemon socket.
[[0;32m  OK  [0m] Listening on LVM2 poll daemon socket.
[   13.902011] systemd[1]: Mounting POSIX Message Queue File System...
         Mounting POSIX Message Queue File System...
[   13.912875] systemd[1]: Starting Load Kernel Modules...
         Startin[   13.919889] Loading iSCSI transport class v2.0-870.
g Load Kernel Modules...
[   13.967580] systemd[1]: Listening on LVM2 metadata daemon socket.
[[0;32m  OK  [[   13.987445] random: nonblocking pool is initialized
0m] Listening on LVM2 metadata daemon socket.
[   14.021742] systemd[1]: Listening on Journal Socket (/dev/log).
[[0;32m  OK  [0m] Listening on Journal Socket [   14.024155] iscsi: registered transport (tcp)
(/dev/log).
[   14.044972] systemd[1]: Mounting Huge Pages File System...
[   14.049283] iscsi: registered transport (iser)
         Mounting Huge Pages File System...
[   14.134647] systemd[1]: Created slice User and Session Slice.
[[0;32m  OK  [0m] Created slice User and Session Slice.
[   14.154302] systemd[1]: Reached target Slices.
[[0;32m  OK  [0m] Reached target Slices.
[   44.166078] systemd[1]: Starting Set console keymap...
         Starting Set console keymap...
[   14.346395] systemd[1]: Starting Create list of required static device nodes for the current kernel...
         Starting Create list of required st... nodes for the current kernel...
[   14.512204] systemd[1]: Listening on Syslog Socket.
[[0;32m  OK  [0m] Listening on Syslog Socket.
[   14.514086] systemd[1]: Starting Journal Service...
         Starting Journal Service...
[   14.534123] systemd[1]: Reached target Swap.
[[0;32m  OK  [0m] Reached target Swap.
[   14.618398] systemd[1]: Starting Remount Root and Kernel File Systems...
[   14.621095] EXT4-fs (sda1): re-mounted. Opts: (null)
         Starting Remount Root and Kernel File Systems...
[   14.662619] systemd[1]: Started Forward Password Requests to Wall Directory Watch.
[[0;32m  OK  [0m] Started Forward Password Requests to Wall Directory Watch.
[   14.667346] systemd[1]: Mounting Debug File System...
         Mounting Debug File System...
[   14.702162] systemd[1]: Starting Monitoring of LVM2 mirrors, snapshots etc. using dmeventd or progress polling...
         Starting Monitoring of LVM2 mirrors... dmeventd or progress polling...
[   14.743668] systemd[1]: Mounted POSIX Message Queue File System.
[[0;32m  OK  [0m] Mounted POSIX Message Queue File System.
[   14.745248] systemd[1]: Mounted Debug File System.
[[0;32m  OK  [0m] Mounted Debug File System.
[   14.781687] systemd[1]: Mounted Huge Pages File System.
[[0;32m  OK  [0m] Mounted Huge Pages File System.
[   14.831687] systemd[1]: Started Journal Service.
[[0;32m  OK  [0m] Started Journal Service.
[[0;32m  OK  [0m] Started Uncomplicated firewall.
[[0;32m  OK  [0m] Started Load Kernel Modules.
[[0;32m  OK  [0m] Started Set console keymap.
[[0;32m  OK  [0m] Started Create list of required sta...ce nodes for the current kernel.
[[0;32m  OK  [0m] Started Remount Root and Kernel File Systems.
[[0;32m  OK  [0m] Started Nameserver information manager.
[[0;32m  OK  [0m] Started LVM2 metadata daemon.
         Starting Load/Save Random Seed...
         Starting udev Coldplug all Devices...
         Starting Create Static Device Nodes in /dev...
         Mounting FUSE Control File System...
         Starting Apply Kernel Variables...
         Starting Flush Journal to Persistent Storage...
[[0;32m  OK  [0m] Mounted FUSE Control File System.
[[0;32m  OK  [0m] Started Load/Save Random Seed.
[[0;32m  OK  [0m] Started Create Static Device Nodes in /dev.
[[0;32m  OK  [0m] Started Apply Kernel Variables.
[[0;32m  OK  [0m] Started udev Coldplug all Devices.
[[0;32m  OK  [0m] Started Flush Journal to Persistent Storage.
         Starting udev Kernel Device Manager...
[[0;32m  OK  [0m] Started udev Kernel Device Manager.
[[0;32m  OK  [0m] Started Dispatch Password Requests to Console Directory Watch.
[[0;32m  OK  [0m] Found device /dev/ttyS0.
[[0;32m  OK  [0m] Started Monitoring of LVM2 mirrors,...ng dmeventd or progress polling.
[[0;32m  OK  [0m] Listening on Load/Save RF Kill Switch Status /dev/rfkill Watch.
[[0;32m  OK  [0m] Reached target Local File Systems (Pre).
[[0;32m  OK  [0m] Reached target Local File Systems.
         Starting Set console font and keymap...
         Starting Initial cloud-init job (pre-networking)...
         Starting Create Volatile Files and Directories...
         Starting LSB: AppArmor initialization...
         Starting Commit a transient machine-id on disk...
         Starting Tell Plymouth To Write Out Runtime Data...
[[0;32m  OK  [0m] Started Create Volatile Files and Directories.
[[0;32m  OK  [0m] Started Commit a transient machine-id on disk.
[[0;32m  OK  [0m] Started Set console font and keymap.
[[0;32m  OK  [0m] Started Tell Plymouth To Write Out Runtime Data.
[[0;32m  OK  [0m] Created slice system-getty.slice.
         Starting Update UTMP about System Boot/Shutdown...
[[0;32m  OK  [0m] Started Update UTMP about System Boot/Shutdown.
[   12.915155] cloud-init[621]: Cloud-init v. 18.5-45-g3554ffe8-0ubuntu1~16.04.1 running 'init-local' at Thu, 31 Oct 2019 13:21:35 +0000. Up 12.64 seconds.
[[0;32m  OK  [0m] Started Initial cloud-init job (pre-networking).
[[0;32m  OK  [0m] Started LSB: AppArmor initialization.
[[0;32m  OK  [0m] Reached target Network (Pre).
         Starting Raise network interfaces...
[[0;32m  OK  [0m] Started Raise network interfaces.
[[0;32m  OK  [0m] Reached target Network.
         Starting Initial cloud-init job (metadata service crawler)...
[   13.960476] cloud-init[945]: Cloud-init v. 18.5-45-g3554ffe8-0ubuntu1~16.04.1 running 'init' at Thu, 31 Oct 2019 13:21:36 +0000. Up 13.47 seconds.
[   13.975175] cloud-init[945]: ci-info: ++++++++++++++++++++++++++++++++++++++Net device info+++++++++++++++++++++++++++++++++++++++
[   13.977720] cloud-init[945]: ci-info: +--------+-------+----------------------------+---------------+--------+-------------------+
[   13.984535] cloud-init[945]: ci-info: | Device |   Up  |          Address           |      Mask     | Scope  |     Hw-Address    |
[   13.989279] cloud-init[945]: ci-info: +--------+-------+----------------------------+---------------+--------+-------------------+
[   13.999614] cloud-init[945]: ci-info: | enp0s3 |  True |         10.0.2.15          | 255.255.255.0 | global | 02:30:52:25:60:69 |
[   13.999784] cloud-init[945]: ci-info: | enp0s3 |  True | fe80::30:52ff:fe25:6069/64 |       .       |  link  | 02:30:52:25:60:69 |
[   13.999899] cloud-init[945]: ci-info: | enp0s8 | False |             .              |       .       |   .    | 08:00:27:0f:cf:7d |
[   14.000038] cloud-init[945]: ci-info: |   lo   |  True |         127.0.0.1          |   255.0.0.0   |  host  |         .         |
[   14.000154] cloud-init[945]: ci-info: |   lo   |  True |          ::1/128           |       .       |  host  |         .         |
[   14.000266] cloud-init[945]: ci-info: +--------+-------+----------------------------+---------------+--------+-------------------+
[   14.000387] cloud-init[945]: ci-info: +++++++++++++++++++++++++++Route IPv4 info++++++++++++++++++++++++++++
[   14.000500] cloud-init[945]: ci-info: +-------+-------------+----------+---------------+-----------+-------+
[   14.000615] cloud-init[945]: ci-info: | Route | Destination | Gateway  |    Genmask    | Interface | Flags |
[   14.000731] cloud-init[945]: ci-info: +-------+-------------+----------+---------------+-----------+-------+
[   14.000847] cloud-init[945]: ci-info: |   0   |   0.0.0.0   | 10.0.2.2 |    0.0.0.0    |   enp0s3  |   UG  |
[   14.000962] cloud-init[945]: ci-info: |   1   |   10.0.2.0  | 0.0.0.0  | 255.255.255.0 |   enp0s3  |   U   |
[   14.001078] cloud-init[945]: ci-info: +-------+-------------+----------+---------------+-----------+-------+
[   14.001193] cloud-init[945]: ci-info: +++++++++++++++++++Route IPv6 info+++++++++++++++++++
[   14.001310] cloud-init[945]: ci-info: +-------+-------------+---------+-----------+-------+
[   14.001427] cloud-init[945]: ci-info: | Route | Destination | Gateway | Interface | Flags |
[   14.001542] cloud-init[945]: ci-info: +-------+-------------+---------+-----------+-------+
[   14.001660] cloud-init[945]: ci-info: |   0   |  fe80::/64  |    ::   |   enp0s3  |   U   |
[   14.001794] cloud-init[945]: ci-info: |   3   |   ff00::/8  |    ::   |   enp0s3  |   U   |
[   14.001895] cloud-init[945]: ci-info: +-------+-------------+---------+-----------+-------+
[   14.002009] cloud-init[945]: Generating public/private rsa key pair.
[   14.002137] cloud-init[945]: Your identification has been saved in /etc/ssh/ssh_host_rsa_key.
[   14.002252] cloud-init[945]: Your public key has been saved in /etc/ssh/ssh_host_rsa_key.pub.
[   14.002371] cloud-init[945]: The key fingerprint is:
[   14.002489] cloud-init[945]: SHA256:3QeE3cTLUa2iUyU1PVBwtfkEWOLZpXPtGEVPcODVM3Q root@ubuntu-xenial
[   14.002635] cloud-init[945]: The key's randomart image is:
[   14.002741] cloud-init[945]: +---[RSA 2048]----+
[   14.002852] cloud-init[945]: |           ooX&XE|
[   14.002971] cloud-init[945]: |          .o+=*&X|
[   14.003091] cloud-init[945]: |            ++**O|
[   14.003211] cloud-init[945]: |         . .o.+B.|
[   14.003339] cloud-init[945]: |        S .o..o o|
[[0;32m  OK  [0m] Started Initial cloud-init job (metadata service crawler).
[   14.003451] cloud-init[945]: |          o  .   |
[   14.204820] cloud-init[945]: |           .     |
[   14.207014] cloud-init[945]: |                 |
[   14.209188] cloud-init[945]: |                 |
[   14.209483] cloud-init[945]: +----[SHA256]-----+
[[0;32m  OK  [0m] Reached target System Initialization.
[[   14.209744] cloud-init[945]: Generating public/private dsa key pair.
[   14.214114] cloud-init[945]: Your identification has been saved in /etc/ssh/ssh_host_dsa_key.
[   14.214290] cloud-init[945]: Your public key has been saved in /etc/ssh/ssh_host_dsa_key.pub.
[   14.214500] cloud-init[945]: The key fingerprint is:
[   14.214712] cloud-init[945]: SHA256:YXcMF0L62yl1nVeXrDLNsBZzslB6zqfYAit33eFzzL4 root@ubuntu-xenial
[   14.214923] cloud-init[945]: The key's randomart image is:
[   14.215138] cloud-init[945]: +---[DSA 1024]----+
[   14.215350] cloud-init[945]: |         .+.o.   |
[   14.215564] cloud-init[945]: |         .o=  . .|
[   14.215777] cloud-init[945]: |        +o.*o. oo|
[   14.215989] cloud-init[945]: |       . +=.@ ..+|
[   14.216425] cloud-init[945]: |       .S .O.*..o|
[   14.216636] cloud-init[945]: |        o =+Bo+ .|
[   14.216843] cloud-init[945]: |     . o +o+o+ + |
[   14.217057] cloud-init[945]: |      o . ..  +  |
[   14.217270] cloud-init[945]: |               E.|
[   14.217483] cloud-init[945]: +----[SHA256]-----+
[   14.217693] cloud-init[945]: Generating public/private ecdsa key pair.
[0;32m  OK  [0m] Started Daily apt download activities.
[   14.217906] cloud-init[945]: Your identification has been saved in /etc/ssh/ssh_host_ecdsa_key.
[   14.231705] cloud-init[945]: Your public key has been saved in /etc/ssh/ssh_host_ecdsa_key.pub.
[[0;32m  OK  [0m] Started Daily Cleanup of Temporary Directories.[   14.231910] 
cloud-init[945]: The key fingerprint is:
[   14.245299] cloud-init[945]: SHA256:Jnzbsez8hWqQENahNOT8+XDFuLgHkUuIuHdCc17AkCY root@ubuntu-xenial
[   14.245515] cloud-init[945]: The key's randomart image is:
[   14.245622] cloud-init[945]: +---[ECDSA 256]---+
[   14.245738] cloud-init[945]: |    .==...       |
[   14.245843] cloud-init[945]: |  E.o=+=.. o     |
[   14.245953] cloud-init[945]: |  .o+.*.= . o    |
[   14.246072] cloud-init[945]: |   o =.+ = o     |
[   14.246182] cloud-init[945]: |  . o =.S.+      |
[   14.246291] cloud-init[945]: |   . o +oX o .   |
[   14.246401] cloud-init[945]: |        o.* . .  |
[   14.246512] cloud-init[945]: |         +.. .   |
[   14.246622] cloud-init[945]: |         .+..    |
[   14.246731] cloud-init[945]: +----[SHA256]-----+
[   14.246841] cloud-init[945]: Generating public/private ed25519 key pair.
[   14.246952] cloud-init[945]: Your identification has been saved in /etc/ssh/ssh_host_ed25519_key.
[   14.247065] cloud-init[945]: Your public key has been saved in /etc/ssh/ssh_host_ed25519_key.pub.
[   14.247174] cloud-init[945]: The key fingerprint is:
[   14.247283] cloud-init[945]: SHA256:xDBvmmXMqJi6E5w3zUChjku5KXzF8IYeqVm9PMrWyMg root@ubuntu-xenial
[   14.247394] cloud-init[945]: The key's randomart image is:
[   14.247502] cloud-init[945]: +--[ED25519 256]--+
[   14.247613] cloud-init[945]: |   .. o          |
[   14.247725] cloud-init[945]: |  ..   O         |
[   14.248011] cloud-init[945]: | ...  . X        |
[   14.248188] cloud-init[945]: |o .+B. B         |
[[0;32m  OK  [0m] Started ACPI Events Check.
[   14.248311] cloud-init[945]: |o++==*o S        |
[   14.259951] cloud-init[945]: |+=Bo=o.          |
[   14.260171] cloud-init[945]: |=B+o++           |
[   14.260279] cloud-init[945]: |oEo+...          |
[   14.260387] cloud-init[945]: |...o             |
[   14.260497] cloud-init[945]: +----[SHA256]-----+
[[0;32m  OK  [0m] Reached target Paths.
[[0;32m  OK  [0m] Listening on D-Bus System Message Bus Socket.
[[0;32m  OK  [0m] Listening on UUID daemon activation socket.
[[0;32m  OK  [0m] Started Daily apt upgrade and clean activities.
[[0;32m  OK  [0m] Reached target Timers.
[[0;32m  OK  [0m] Listening on ACPID Listen Socket.
         Starting Socket activation for snappy daemon.
         Starting LXD - unix socket.
[[0;32m  OK  [0m] Reached target Cloud-config availability.
[[0;32m  OK  [0m] Reached target Network is Online.
         Starting iSCSI initiator daemon (iscsid)...
[[0;32m  OK  [0m] Listening on Socket activation for snappy daemon.
[[0;32m  OK  [0m] Listening on LXD - unix socket.
[[0;32m  OK  [0m] Started iSCSI initiator daemon (iscsid).
         Starting Login to default iSCSI targets...
[[0;32m  OK  [0m] Reached target Sockets.
[[0;32m  OK  [0m] Reached target Basic System.
         Starting Login Service...
         Starting Snappy daemon...
         Starting /etc/rc.local Compatibility...
[[0;32m  OK  [0m] Started ACPI event daemon.
         Starting Virtualbox guest utils...
         Starting LSB: Record successful boot for GRUB...
[[0;32m  OK  [0m] Started D-Bus System Message Bus.
[[0;32m  OK  [0m] Started Unattended Upgrades Shutdown.
[[0;32m  OK  [0m] Started Deferred execution scheduler.
         Starting LSB: MD monitoring daemon...
         Starting System Logging Service...
         Starting Accounts Service...
         Starting Pollinate to seed the pseudo random number generator...
[[0;32m  OK  [0m] Started FUSE filesystem for LXC.
         Starting LXD - container startup/shutdown...
[[0;32m  OK  [0m] Started Regular background program processing daemon.
[[0;32m  OK  [0m] Started System Logging Service.
[[0;32m  OK  [0m] Started Snappy daemon.
[[0;32m  OK  [0m] Started /etc/rc.local Compatibility.
[[0;32m  OK  [0m] Started Login to default iSCSI targets.
[[0;32m  OK  [0m] Started LXD - container startup/shutdown.
[[0;32m  OK  [0m] Started Virtualbox guest utils.
[[0;32m  OK  [0m] Started LSB: Record successful boot for GRUB.
[[0;32m  OK  [0m] Started Login Service.
[[0;32m  OK  [0m] Started LSB: MD monitoring daemon.
         Starting Authenticate and Authorize Users to Run Privileged Tasks...
[[0;32m  OK  [0m] Reached target Remote File Systems (Pre).
[[0;32m  OK  [0m] Reached target Remote File Systems.
         Starting Permit User Sessions...
         Starting LSB: Set the CPU Frequency Scaling governor to "ondemand"...
         Starting LSB: automatic crash report generation...
         Starting LSB: daemon to balance interrupts for SMP systems...
         Starting Wait until snapd is fully seeded...
[[0;32m  OK  [0m] Started Permit User Sessions.
[[0;32m  OK  [0m] Started Authenticate and Authorize Users to Run Privileged Tasks.
[[0;32m  OK  [0m] Started Accounts Service.
         Starting Hold until boot process finishes up...
         Starting Terminate Plymouth Boot Screen...
[[0;32m  OK  [0m] Started LSB: Set the CPU Frequency Scaling governor to "ondemand".
[[0;32m  OK  [0m] Started LSB: automatic crash report generation.
[[0;32m  OK  [0m] Started LSB: daemon to balance interrupts for SMP systems.
[[0;32m  OK  [0m] Started Hold until boot process finishes up.
[[0;32m  OK  [0m] Started Terminate Plymouth Boot Screen.
[[0;32m  OK  [0m] Started Getty on tty1.
         Starting Set console scheme...
[[0;32m  OK  [0m] Started Serial Getty on ttyS0.
[[0;32m  OK  [0m] Reached target Login Prompts.
[[0;32m  OK  [0m] Started Set console scheme.
[[0;32m  OK  [0m] Started Pollinate to seed the pseudo random number generator.
         Starting OpenBSD Secure Shell server...
[[0;32m  OK  [0m] Started OpenBSD Secure Shell server.
[[0;32m  OK  [0m] Created slice User Slice of vagrant.
         Starting User Manager for UID 1000...
[[0;32m  OK  [0m] Started User Manager for UID 1000.
[[0;32m  OK  [0m] Started Session 1 of user vagrant.
[[0;32m  OK  [0m] Started Wait until snapd is fully seeded.
[[0;32m  OK  [0m] Reached target Multi-User System.
[[0;32m  OK  [0m] Reached target Graphical Interface.
         Starting Update UTMP about System Runlevel Changes...
         Starting Apply the settings specified in cloud-config...
[[0;32m  OK  [0m] Started Update UTMP about System Runlevel Changes.
[   17.712810] cloud-init[1360]: Generating locales (this might take a while)...
[   18.264963] cloud-init[1360]:   en_US.UTF-8... done
[   18.280913] cloud-init[1360]: Generation complete.
[   18.518442] cloud-init[1360]: Cloud-init v. 18.5-45-g3554ffe8-0ubuntu1~16.04.1 running 'modules:config' at Thu, 31 Oct 2019 13:21:40 +0000. Up 17.63 seconds.
[[0;32m  OK  [0m] Started Apply the settings specified in cloud-config.
         Starting Execute cloud user/final scripts...
ci-info: no authorized ssh keys fingerprints found for user ubuntu.
<14>Oct 31 13:21:42 ec2: 
<14>Oct 31 13:21:42 ec2: #############################################################
<14>Oct 31 13:21:42 ec2: -----BEGIN SSH HOST KEY FINGERPRINTS-----
<14>Oct 31 13:21:42 ec2: 1024 SHA256:YXcMF0L62yl1nVeXrDLNsBZzslB6zqfYAit33eFzzL4 root@ubuntu-xenial (DSA)
<14>Oct 31 13:21:42 ec2: 256 SHA256:Jnzbsez8hWqQENahNOT8+XDFuLgHkUuIuHdCc17AkCY root@ubuntu-xenial (ECDSA)
<14>Oct 31 13:21:42 ec2: 256 SHA256:xDBvmmXMqJi6E5w3zUChjku5KXzF8IYeqVm9PMrWyMg root@ubuntu-xenial (ED25519)
<14>Oct 31 13:21:42 ec2: 2048 SHA256:3QeE3cTLUa2iUyU1PVBwtfkEWOLZpXPtGEVPcODVM3Q root@ubuntu-xenial (RSA)
<14>Oct 31 13:21:42 ec2: -----END SSH HOST KEY FINGERPRINTS-----
<14>Oct 31 13:21:42 ec2: #############################################################
-----BEGIN SSH HOST KEY KEYS-----
ecdsa-sha2-nistp256 AAAAE2VjZHNhLXNoYTItbmlzdHAyNTYAAAAIbmlzdHAyNTYAAABBBB5nzVhWORUHUj+aoWSH8PkzWVzGzXU+sQV25aevGD1ouTxg42ffrycJJ1wEdCAmouRDdOCcdvv2C6+cHnQYgbg= root@ubuntu-xenial
ssh-ed25519 AAAAC3NzaC1lZDI1NTE5AAAAIAQcIr1cIZKu9l7852efT6JDx3Sk24B/VxBtZ4bUz4iv root@ubuntu-xenial
ssh-rsa AAAAB3NzaC1yc2EAAAADAQABAAABAQDe6/bMtdrTz1fdtyOrCG8dtfvMitzLMYRs+CHotPTnS+anbcHpw0CCWWA8JPKBYgIM4sASBidHiamU7Yt4alCYlZr1JOdM7Ujcgyrsi9qACjEAHgVY2TboiMUavlsssGn1FFWpBatnyIm061lX0knWU/PznBg0BfmNNrZcSOhNR3D1oNTIqprYOHV78vMaR1GASVkEQoyvSgY/99izKSgyJy2j2jNX9+nX2J9S063GwiUw10fOYjyMdWQrQogOYSoENL3P9uCrTayEpYpYOwcUxXOyLOsJPz0rM7MsDseGoMm6XemtNiS9Y3bL5mScsYZEkcbJFigIY0vujic0f3IX root@ubuntu-xenial
-----END SSH HOST KEY KEYS-----
[   19.353332] cloud-init[1445]: Cloud-init v. 18.5-45-g3554ffe8-0ubuntu1~16.04.1 running 'modules:final' at Thu, 31 Oct 2019 13:21:41 +0000. Up 18.88 seconds.
[   19.389328] cloud-init[1445]: ci-info: no authorized ssh keys fingerprints found for user ubuntu.
[   19.389569] cloud-init[1445]: Cloud-init v. 18.5-45-g3554ffe8-0ubuntu1~16.04.1 finished at Thu, 31 Oct 2019 13:21:42 +0000. Datasource DataSourceNoCloud [seed=/dev/sdb][dsmode=net].  Up 19.33 seconds
[[0;32m  OK  [0m] Started Execute cloud user/final scripts.
[[0;32m  OK  [0m] Reached target Cloud-init target.

Ubuntu 16.04.6 LTS ubuntu-xenial ttyS0

ubuntu-xenial login: 